<?xml version="1.0" encoding="UTF-8"?>
<robot generator="Robot 4.0.2 (Python 3.8.5 on linux)" generated="20210518 22:36:04.318" rpa="false" schemaversion="2">
<suite id="s1" name="Alex Test" source="/home/projects/Sh-qups/Robot_framework_project/TestCases/alex_test.robot">
<test id="s1-t1" name="Test Homepage">
<kw name="Open Browser To Home Page">
<kw name="Open Browser" library="SeleniumLibrary">
<arg>${HOMEPAGE URL}</arg>
<arg>${BROWSER}</arg>
<doc>Opens a new browser instance to the optional ``url``.</doc>
<msg timestamp="20210518 22:36:04.429" level="INFO">Opening browser 'Chrome' to base url 'https://alexsolutions.com.au/'.</msg>
<status status="PASS" starttime="20210518 22:36:04.429" endtime="20210518 22:36:08.425"/>
</kw>
<kw name="Maximize Browser Window" library="SeleniumLibrary">
<doc>Maximizes current browser window.</doc>
<status status="PASS" starttime="20210518 22:36:08.425" endtime="20210518 22:36:08.531"/>
</kw>
<status status="PASS" starttime="20210518 22:36:04.429" endtime="20210518 22:36:08.531"/>
</kw>
<kw name="Sleep" library="BuiltIn">
<arg>5s</arg>
<doc>Pauses the test executed for the given time.</doc>
<msg timestamp="20210518 22:36:13.532" level="INFO">Slept 5 seconds</msg>
<status status="PASS" starttime="20210518 22:36:08.531" endtime="20210518 22:36:13.533"/>
</kw>
<kw name="Goo To Product">
<kw name="Click Link" library="SeleniumLibrary">
<arg>${PRODUCT LINK}</arg>
<doc>Clicks a link identified by ``locator``.</doc>
<msg timestamp="20210518 22:36:13.536" level="INFO">Clicking link '//a[contains(text(),'Product')]'.</msg>
<status status="PASS" starttime="20210518 22:36:13.535" endtime="20210518 22:36:13.642"/>
</kw>
<status status="PASS" starttime="20210518 22:36:13.533" endtime="20210518 22:36:13.642"/>
</kw>
<kw name="Sleep" library="BuiltIn">
<arg>5s</arg>
<doc>Pauses the test executed for the given time.</doc>
<msg timestamp="20210518 22:36:18.643" level="INFO">Slept 5 seconds</msg>
<status status="PASS" starttime="20210518 22:36:13.642" endtime="20210518 22:36:18.643"/>
</kw>
<kw name="Goo To Augmented Data Link">
<kw name="Click Link" library="SeleniumLibrary">
<arg>${AUGMENTED LINK}</arg>
<doc>Clicks a link identified by ``locator``.</doc>
<msg timestamp="20210518 22:36:18.646" level="INFO">Clicking link '//a[@href="https://alexsolutions.com.au/product/augmented-data-catalog/"]'.</msg>
<status status="PASS" starttime="20210518 22:36:18.645" endtime="20210518 22:36:18.716"/>
</kw>
<status status="PASS" starttime="20210518 22:36:18.644" endtime="20210518 22:36:18.716"/>
</kw>
<kw name="Sleep" library="BuiltIn">
<arg>5s</arg>
<doc>Pauses the test executed for the given time.</doc>
<msg timestamp="20210518 22:36:23.717" level="INFO">Slept 5 seconds</msg>
<status status="PASS" starttime="20210518 22:36:18.716" endtime="20210518 22:36:23.718"/>
</kw>
<kw name="Take text">
<kw name="Get Text" library="SeleniumLibrary">
<arg>${AUGMENTED TEXT}</arg>
<doc>Returns the text value of the element identified by ``locator``.</doc>
<status status="PASS" starttime="20210518 22:36:23.720" endtime="20210518 22:36:23.751"/>
</kw>
<status status="PASS" starttime="20210518 22:36:23.719" endtime="20210518 22:36:23.751"/>
</kw>
<kw name="Sleep" library="BuiltIn">
<arg>2s</arg>
<doc>Pauses the test executed for the given time.</doc>
<msg timestamp="20210518 22:36:25.752" level="INFO">Slept 2 seconds</msg>
<status status="PASS" starttime="20210518 22:36:23.751" endtime="20210518 22:36:25.752"/>
</kw>
<kw name="Close Browser" library="SeleniumLibrary" type="TEARDOWN">
<doc>Closes the current browser.</doc>
<status status="PASS" starttime="20210518 22:36:25.754" endtime="20210518 22:36:25.814"/>
</kw>
<status status="PASS" starttime="20210518 22:36:04.428" endtime="20210518 22:36:25.815"/>
</test>
<doc>A test suite with Tests to test Alex Homepage

This test has a workflow that is created using keywords in
the imported resource file.</doc>
<status status="PASS" starttime="20210518 22:36:04.319" endtime="20210518 22:36:25.815"/>
</suite>
<statistics>
<total>
<stat pass="1" fail="0" skip="0">All Tests</stat>
</total>
<tag>
</tag>
<suite>
<stat pass="1" fail="0" skip="0" id="s1" name="Alex Test">Alex Test</stat>
</suite>
</statistics>
<errors>
</errors>
</robot>
