<?xml version="1.0" encoding="UTF-8"?>
<robot generator="Robot 4.0.2 (Python 3.8.5 on linux)" generated="20210518 21:08:03.908" rpa="false" schemaversion="2">
<suite id="s1" name="TestCases" source="/home/projects/Sh-qups/Robot_framework_project/TestCases">
<suite id="s1-s1" name="Invalid Login" source="/home/projects/Sh-qups/Robot_framework_project/TestCases/invalid_login.robot">
<kw name="Open Browser To Login Page" library="resource" type="SETUP">
<kw name="Open Browser" library="SeleniumLibrary">
<arg>${LOGIN URL}</arg>
<arg>${BROWSER}</arg>
<doc>Opens a new browser instance to the optional ``url``.</doc>
<msg timestamp="20210518 21:08:04.026" level="INFO">Opening browser 'Chrome' to base url 'http://localhost:7272/'.</msg>
<status status="PASS" starttime="20210518 21:08:04.025" endtime="20210518 21:08:06.778"/>
</kw>
<kw name="Maximize Browser Window" library="SeleniumLibrary">
<doc>Maximizes current browser window.</doc>
<status status="PASS" starttime="20210518 21:08:06.779" endtime="20210518 21:08:06.885"/>
</kw>
<kw name="Set Selenium Speed" library="SeleniumLibrary">
<arg>${DELAY}</arg>
<doc>Sets the delay that is waited after each Selenium command.</doc>
<status status="PASS" starttime="20210518 21:08:06.885" endtime="20210518 21:08:06.886"/>
</kw>
<kw name="Login Page Should Be Open" library="resource">
<kw name="Title Should Be" library="SeleniumLibrary">
<arg>Login Page</arg>
<doc>Verifies that the current page title equals ``title``.</doc>
<msg timestamp="20210518 21:08:06.903" level="INFO">Page title is 'Login Page'.</msg>
<status status="PASS" starttime="20210518 21:08:06.887" endtime="20210518 21:08:06.903"/>
</kw>
<status status="PASS" starttime="20210518 21:08:06.887" endtime="20210518 21:08:06.904"/>
</kw>
<status status="PASS" starttime="20210518 21:08:04.025" endtime="20210518 21:08:06.904"/>
</kw>
<test id="s1-s1-t1" name="Invalid Username">
<kw name="Go To Login Page" library="resource" type="SETUP">
<kw name="Go To" library="SeleniumLibrary">
<arg>${LOGIN URL}</arg>
<doc>Navigates the current browser window to the provided ``url``.</doc>
<msg timestamp="20210518 21:08:06.910" level="INFO">Opening url 'http://localhost:7272/'</msg>
<status status="PASS" starttime="20210518 21:08:06.909" endtime="20210518 21:08:06.983"/>
</kw>
<kw name="Login Page Should Be Open" library="resource">
<kw name="Title Should Be" library="SeleniumLibrary">
<arg>Login Page</arg>
<doc>Verifies that the current page title equals ``title``.</doc>
<msg timestamp="20210518 21:08:06.996" level="INFO">Page title is 'Login Page'.</msg>
<status status="PASS" starttime="20210518 21:08:06.985" endtime="20210518 21:08:06.996"/>
</kw>
<status status="PASS" starttime="20210518 21:08:06.984" endtime="20210518 21:08:06.996"/>
</kw>
<status status="PASS" starttime="20210518 21:08:06.907" endtime="20210518 21:08:06.997"/>
</kw>
<kw name="Login With Invalid Credentials Should Fail">
<arg>invalid</arg>
<arg>${VALID PASSWORD}</arg>
<kw name="Input Username" library="resource">
<arg>${username}</arg>
<kw name="Input Text" library="SeleniumLibrary">
<arg>username_field</arg>
<arg>${username}</arg>
<doc>Types the given ``text`` into the text field identified by ``locator``.</doc>
<msg timestamp="20210518 21:08:07.000" level="INFO">Typing text 'invalid' into text field 'username_field'.</msg>
<status status="PASS" starttime="20210518 21:08:06.999" endtime="20210518 21:08:07.107"/>
</kw>
<status status="PASS" starttime="20210518 21:08:06.998" endtime="20210518 21:08:07.107"/>
</kw>
<kw name="Input Password" library="resource">
<arg>${password}</arg>
<kw name="Input Text" library="SeleniumLibrary">
<arg>password_field</arg>
<arg>${password}</arg>
<doc>Types the given ``text`` into the text field identified by ``locator``.</doc>
<msg timestamp="20210518 21:08:07.108" level="INFO">Typing text 'mode' into text field 'password_field'.</msg>
<status status="PASS" starttime="20210518 21:08:07.108" endtime="20210518 21:08:07.197"/>
</kw>
<status status="PASS" starttime="20210518 21:08:07.108" endtime="20210518 21:08:07.197"/>
</kw>
<kw name="Submit Credentials" library="resource">
<kw name="Click Button" library="SeleniumLibrary">
<arg>login_button</arg>
<doc>Clicks the button identified by ``locator``.</doc>
<msg timestamp="20210518 21:08:07.198" level="INFO">Clicking button 'login_button'.</msg>
<status status="PASS" starttime="20210518 21:08:07.198" endtime="20210518 21:08:07.276"/>
</kw>
<status status="PASS" starttime="20210518 21:08:07.198" endtime="20210518 21:08:07.277"/>
</kw>
<kw name="Login Should Have Failed">
<kw name="Location Should Be" library="SeleniumLibrary">
<arg>${ERROR URL}</arg>
<doc>Verifies that the current URL is exactly ``url``.</doc>
<msg timestamp="20210518 21:08:07.283" level="INFO">Current location is 'http://localhost:7272/error.html'.</msg>
<status status="PASS" starttime="20210518 21:08:07.277" endtime="20210518 21:08:07.283"/>
</kw>
<kw name="Title Should Be" library="SeleniumLibrary">
<arg>Error Page</arg>
<doc>Verifies that the current page title equals ``title``.</doc>
<msg timestamp="20210518 21:08:07.288" level="INFO">Page title is 'Error Page'.</msg>
<status status="PASS" starttime="20210518 21:08:07.283" endtime="20210518 21:08:07.288"/>
</kw>
<status status="PASS" starttime="20210518 21:08:07.277" endtime="20210518 21:08:07.288"/>
</kw>
<status status="PASS" starttime="20210518 21:08:06.997" endtime="20210518 21:08:07.288"/>
</kw>
<status status="PASS" starttime="20210518 21:08:06.905" endtime="20210518 21:08:07.288"/>
</test>
<test id="s1-s1-t2" name="Invalid Password">
<kw name="Go To Login Page" library="resource" type="SETUP">
<kw name="Go To" library="SeleniumLibrary">
<arg>${LOGIN URL}</arg>
<doc>Navigates the current browser window to the provided ``url``.</doc>
<msg timestamp="20210518 21:08:07.290" level="INFO">Opening url 'http://localhost:7272/'</msg>
<status status="PASS" starttime="20210518 21:08:07.290" endtime="20210518 21:08:07.315"/>
</kw>
<kw name="Login Page Should Be Open" library="resource">
<kw name="Title Should Be" library="SeleniumLibrary">
<arg>Login Page</arg>
<doc>Verifies that the current page title equals ``title``.</doc>
<msg timestamp="20210518 21:08:07.323" level="INFO">Page title is 'Login Page'.</msg>
<status status="PASS" starttime="20210518 21:08:07.316" endtime="20210518 21:08:07.323"/>
</kw>
<status status="PASS" starttime="20210518 21:08:07.315" endtime="20210518 21:08:07.323"/>
</kw>
<status status="PASS" starttime="20210518 21:08:07.289" endtime="20210518 21:08:07.323"/>
</kw>
<kw name="Login With Invalid Credentials Should Fail">
<arg>${VALID USER}</arg>
<arg>invalid</arg>
<kw name="Input Username" library="resource">
<arg>${username}</arg>
<kw name="Input Text" library="SeleniumLibrary">
<arg>username_field</arg>
<arg>${username}</arg>
<doc>Types the given ``text`` into the text field identified by ``locator``.</doc>
<msg timestamp="20210518 21:08:07.325" level="INFO">Typing text 'demo' into text field 'username_field'.</msg>
<status status="PASS" starttime="20210518 21:08:07.325" endtime="20210518 21:08:07.413"/>
</kw>
<status status="PASS" starttime="20210518 21:08:07.324" endtime="20210518 21:08:07.413"/>
</kw>
<kw name="Input Password" library="resource">
<arg>${password}</arg>
<kw name="Input Text" library="SeleniumLibrary">
<arg>password_field</arg>
<arg>${password}</arg>
<doc>Types the given ``text`` into the text field identified by ``locator``.</doc>
<msg timestamp="20210518 21:08:07.414" level="INFO">Typing text 'invalid' into text field 'password_field'.</msg>
<status status="PASS" starttime="20210518 21:08:07.414" endtime="20210518 21:08:07.498"/>
</kw>
<status status="PASS" starttime="20210518 21:08:07.413" endtime="20210518 21:08:07.499"/>
</kw>
<kw name="Submit Credentials" library="resource">
<kw name="Click Button" library="SeleniumLibrary">
<arg>login_button</arg>
<doc>Clicks the button identified by ``locator``.</doc>
<msg timestamp="20210518 21:08:07.499" level="INFO">Clicking button 'login_button'.</msg>
<status status="PASS" starttime="20210518 21:08:07.499" endtime="20210518 21:08:07.570"/>
</kw>
<status status="PASS" starttime="20210518 21:08:07.499" endtime="20210518 21:08:07.570"/>
</kw>
<kw name="Login Should Have Failed">
<kw name="Location Should Be" library="SeleniumLibrary">
<arg>${ERROR URL}</arg>
<doc>Verifies that the current URL is exactly ``url``.</doc>
<msg timestamp="20210518 21:08:07.576" level="INFO">Current location is 'http://localhost:7272/error.html'.</msg>
<status status="PASS" starttime="20210518 21:08:07.571" endtime="20210518 21:08:07.576"/>
</kw>
<kw name="Title Should Be" library="SeleniumLibrary">
<arg>Error Page</arg>
<doc>Verifies that the current page title equals ``title``.</doc>
<msg timestamp="20210518 21:08:07.580" level="INFO">Page title is 'Error Page'.</msg>
<status status="PASS" starttime="20210518 21:08:07.576" endtime="20210518 21:08:07.580"/>
</kw>
<status status="PASS" starttime="20210518 21:08:07.571" endtime="20210518 21:08:07.580"/>
</kw>
<status status="PASS" starttime="20210518 21:08:07.324" endtime="20210518 21:08:07.580"/>
</kw>
<status status="PASS" starttime="20210518 21:08:07.289" endtime="20210518 21:08:07.581"/>
</test>
<test id="s1-s1-t3" name="Invalid Username And Password">
<kw name="Go To Login Page" library="resource" type="SETUP">
<kw name="Go To" library="SeleniumLibrary">
<arg>${LOGIN URL}</arg>
<doc>Navigates the current browser window to the provided ``url``.</doc>
<msg timestamp="20210518 21:08:07.583" level="INFO">Opening url 'http://localhost:7272/'</msg>
<status status="PASS" starttime="20210518 21:08:07.582" endtime="20210518 21:08:07.605"/>
</kw>
<kw name="Login Page Should Be Open" library="resource">
<kw name="Title Should Be" library="SeleniumLibrary">
<arg>Login Page</arg>
<doc>Verifies that the current page title equals ``title``.</doc>
<msg timestamp="20210518 21:08:07.610" level="INFO">Page title is 'Login Page'.</msg>
<status status="PASS" starttime="20210518 21:08:07.606" endtime="20210518 21:08:07.610"/>
</kw>
<status status="PASS" starttime="20210518 21:08:07.605" endtime="20210518 21:08:07.610"/>
</kw>
<status status="PASS" starttime="20210518 21:08:07.582" endtime="20210518 21:08:07.611"/>
</kw>
<kw name="Login With Invalid Credentials Should Fail">
<arg>invalid</arg>
<arg>whatever</arg>
<kw name="Input Username" library="resource">
<arg>${username}</arg>
<kw name="Input Text" library="SeleniumLibrary">
<arg>username_field</arg>
<arg>${username}</arg>
<doc>Types the given ``text`` into the text field identified by ``locator``.</doc>
<msg timestamp="20210518 21:08:07.612" level="INFO">Typing text 'invalid' into text field 'username_field'.</msg>
<status status="PASS" starttime="20210518 21:08:07.612" endtime="20210518 21:08:07.687"/>
</kw>
<status status="PASS" starttime="20210518 21:08:07.611" endtime="20210518 21:08:07.688"/>
</kw>
<kw name="Input Password" library="resource">
<arg>${password}</arg>
<kw name="Input Text" library="SeleniumLibrary">
<arg>password_field</arg>
<arg>${password}</arg>
<doc>Types the given ``text`` into the text field identified by ``locator``.</doc>
<msg timestamp="20210518 21:08:07.688" level="INFO">Typing text 'whatever' into text field 'password_field'.</msg>
<status status="PASS" starttime="20210518 21:08:07.688" endtime="20210518 21:08:07.754"/>
</kw>
<status status="PASS" starttime="20210518 21:08:07.688" endtime="20210518 21:08:07.754"/>
</kw>
<kw name="Submit Credentials" library="resource">
<kw name="Click Button" library="SeleniumLibrary">
<arg>login_button</arg>
<doc>Clicks the button identified by ``locator``.</doc>
<msg timestamp="20210518 21:08:07.754" level="INFO">Clicking button 'login_button'.</msg>
<status status="PASS" starttime="20210518 21:08:07.754" endtime="20210518 21:08:07.811"/>
</kw>
<status status="PASS" starttime="20210518 21:08:07.754" endtime="20210518 21:08:07.812"/>
</kw>
<kw name="Login Should Have Failed">
<kw name="Location Should Be" library="SeleniumLibrary">
<arg>${ERROR URL}</arg>
<doc>Verifies that the current URL is exactly ``url``.</doc>
<msg timestamp="20210518 21:08:07.815" level="INFO">Current location is 'http://localhost:7272/error.html'.</msg>
<status status="PASS" starttime="20210518 21:08:07.812" endtime="20210518 21:08:07.815"/>
</kw>
<kw name="Title Should Be" library="SeleniumLibrary">
<arg>Error Page</arg>
<doc>Verifies that the current page title equals ``title``.</doc>
<msg timestamp="20210518 21:08:07.818" level="INFO">Page title is 'Error Page'.</msg>
<status status="PASS" starttime="20210518 21:08:07.815" endtime="20210518 21:08:07.818"/>
</kw>
<status status="PASS" starttime="20210518 21:08:07.812" endtime="20210518 21:08:07.818"/>
</kw>
<status status="PASS" starttime="20210518 21:08:07.611" endtime="20210518 21:08:07.818"/>
</kw>
<status status="PASS" starttime="20210518 21:08:07.581" endtime="20210518 21:08:07.818"/>
</test>
<test id="s1-s1-t4" name="Empty Username">
<kw name="Go To Login Page" library="resource" type="SETUP">
<kw name="Go To" library="SeleniumLibrary">
<arg>${LOGIN URL}</arg>
<doc>Navigates the current browser window to the provided ``url``.</doc>
<msg timestamp="20210518 21:08:07.819" level="INFO">Opening url 'http://localhost:7272/'</msg>
<status status="PASS" starttime="20210518 21:08:07.819" endtime="20210518 21:08:07.841"/>
</kw>
<kw name="Login Page Should Be Open" library="resource">
<kw name="Title Should Be" library="SeleniumLibrary">
<arg>Login Page</arg>
<doc>Verifies that the current page title equals ``title``.</doc>
<msg timestamp="20210518 21:08:07.845" level="INFO">Page title is 'Login Page'.</msg>
<status status="PASS" starttime="20210518 21:08:07.841" endtime="20210518 21:08:07.845"/>
</kw>
<status status="PASS" starttime="20210518 21:08:07.841" endtime="20210518 21:08:07.845"/>
</kw>
<status status="PASS" starttime="20210518 21:08:07.819" endtime="20210518 21:08:07.845"/>
</kw>
<kw name="Login With Invalid Credentials Should Fail">
<arg>${EMPTY}</arg>
<arg>${VALID PASSWORD}</arg>
<kw name="Input Username" library="resource">
<arg>${username}</arg>
<kw name="Input Text" library="SeleniumLibrary">
<arg>username_field</arg>
<arg>${username}</arg>
<doc>Types the given ``text`` into the text field identified by ``locator``.</doc>
<msg timestamp="20210518 21:08:07.847" level="INFO">Typing text '' into text field 'username_field'.</msg>
<status status="PASS" starttime="20210518 21:08:07.846" endtime="20210518 21:08:07.915"/>
</kw>
<status status="PASS" starttime="20210518 21:08:07.846" endtime="20210518 21:08:07.915"/>
</kw>
<kw name="Input Password" library="resource">
<arg>${password}</arg>
<kw name="Input Text" library="SeleniumLibrary">
<arg>password_field</arg>
<arg>${password}</arg>
<doc>Types the given ``text`` into the text field identified by ``locator``.</doc>
<msg timestamp="20210518 21:08:07.916" level="INFO">Typing text 'mode' into text field 'password_field'.</msg>
<status status="PASS" starttime="20210518 21:08:07.915" endtime="20210518 21:08:07.982"/>
</kw>
<status status="PASS" starttime="20210518 21:08:07.915" endtime="20210518 21:08:07.982"/>
</kw>
<kw name="Submit Credentials" library="resource">
<kw name="Click Button" library="SeleniumLibrary">
<arg>login_button</arg>
<doc>Clicks the button identified by ``locator``.</doc>
<msg timestamp="20210518 21:08:07.983" level="INFO">Clicking button 'login_button'.</msg>
<status status="PASS" starttime="20210518 21:08:07.982" endtime="20210518 21:08:08.037"/>
</kw>
<status status="PASS" starttime="20210518 21:08:07.982" endtime="20210518 21:08:08.037"/>
</kw>
<kw name="Login Should Have Failed">
<kw name="Location Should Be" library="SeleniumLibrary">
<arg>${ERROR URL}</arg>
<doc>Verifies that the current URL is exactly ``url``.</doc>
<msg timestamp="20210518 21:08:08.041" level="INFO">Current location is 'http://localhost:7272/error.html'.</msg>
<status status="PASS" starttime="20210518 21:08:08.038" endtime="20210518 21:08:08.041"/>
</kw>
<kw name="Title Should Be" library="SeleniumLibrary">
<arg>Error Page</arg>
<doc>Verifies that the current page title equals ``title``.</doc>
<msg timestamp="20210518 21:08:08.044" level="INFO">Page title is 'Error Page'.</msg>
<status status="PASS" starttime="20210518 21:08:08.041" endtime="20210518 21:08:08.044"/>
</kw>
<status status="PASS" starttime="20210518 21:08:08.038" endtime="20210518 21:08:08.045"/>
</kw>
<status status="PASS" starttime="20210518 21:08:07.845" endtime="20210518 21:08:08.045"/>
</kw>
<status status="PASS" starttime="20210518 21:08:07.819" endtime="20210518 21:08:08.045"/>
</test>
<test id="s1-s1-t5" name="Empty Password">
<kw name="Go To Login Page" library="resource" type="SETUP">
<kw name="Go To" library="SeleniumLibrary">
<arg>${LOGIN URL}</arg>
<doc>Navigates the current browser window to the provided ``url``.</doc>
<msg timestamp="20210518 21:08:08.046" level="INFO">Opening url 'http://localhost:7272/'</msg>
<status status="PASS" starttime="20210518 21:08:08.046" endtime="20210518 21:08:08.069"/>
</kw>
<kw name="Login Page Should Be Open" library="resource">
<kw name="Title Should Be" library="SeleniumLibrary">
<arg>Login Page</arg>
<doc>Verifies that the current page title equals ``title``.</doc>
<msg timestamp="20210518 21:08:08.076" level="INFO">Page title is 'Login Page'.</msg>
<status status="PASS" starttime="20210518 21:08:08.071" endtime="20210518 21:08:08.076"/>
</kw>
<status status="PASS" starttime="20210518 21:08:08.070" endtime="20210518 21:08:08.076"/>
</kw>
<status status="PASS" starttime="20210518 21:08:08.046" endtime="20210518 21:08:08.076"/>
</kw>
<kw name="Login With Invalid Credentials Should Fail">
<arg>${VALID USER}</arg>
<arg>${EMPTY}</arg>
<kw name="Input Username" library="resource">
<arg>${username}</arg>
<kw name="Input Text" library="SeleniumLibrary">
<arg>username_field</arg>
<arg>${username}</arg>
<doc>Types the given ``text`` into the text field identified by ``locator``.</doc>
<msg timestamp="20210518 21:08:08.078" level="INFO">Typing text 'demo' into text field 'username_field'.</msg>
<status status="PASS" starttime="20210518 21:08:08.077" endtime="20210518 21:08:08.145"/>
</kw>
<status status="PASS" starttime="20210518 21:08:08.077" endtime="20210518 21:08:08.145"/>
</kw>
<kw name="Input Password" library="resource">
<arg>${password}</arg>
<kw name="Input Text" library="SeleniumLibrary">
<arg>password_field</arg>
<arg>${password}</arg>
<doc>Types the given ``text`` into the text field identified by ``locator``.</doc>
<msg timestamp="20210518 21:08:08.146" level="INFO">Typing text '' into text field 'password_field'.</msg>
<status status="PASS" starttime="20210518 21:08:08.146" endtime="20210518 21:08:08.208"/>
</kw>
<status status="PASS" starttime="20210518 21:08:08.145" endtime="20210518 21:08:08.209"/>
</kw>
<kw name="Submit Credentials" library="resource">
<kw name="Click Button" library="SeleniumLibrary">
<arg>login_button</arg>
<doc>Clicks the button identified by ``locator``.</doc>
<msg timestamp="20210518 21:08:08.209" level="INFO">Clicking button 'login_button'.</msg>
<status status="PASS" starttime="20210518 21:08:08.209" endtime="20210518 21:08:08.263"/>
</kw>
<status status="PASS" starttime="20210518 21:08:08.209" endtime="20210518 21:08:08.263"/>
</kw>
<kw name="Login Should Have Failed">
<kw name="Location Should Be" library="SeleniumLibrary">
<arg>${ERROR URL}</arg>
<doc>Verifies that the current URL is exactly ``url``.</doc>
<msg timestamp="20210518 21:08:08.268" level="INFO">Current location is 'http://localhost:7272/error.html'.</msg>
<status status="PASS" starttime="20210518 21:08:08.264" endtime="20210518 21:08:08.268"/>
</kw>
<kw name="Title Should Be" library="SeleniumLibrary">
<arg>Error Page</arg>
<doc>Verifies that the current page title equals ``title``.</doc>
<msg timestamp="20210518 21:08:08.271" level="INFO">Page title is 'Error Page'.</msg>
<status status="PASS" starttime="20210518 21:08:08.268" endtime="20210518 21:08:08.271"/>
</kw>
<status status="PASS" starttime="20210518 21:08:08.264" endtime="20210518 21:08:08.271"/>
</kw>
<status status="PASS" starttime="20210518 21:08:08.076" endtime="20210518 21:08:08.271"/>
</kw>
<status status="PASS" starttime="20210518 21:08:08.045" endtime="20210518 21:08:08.271"/>
</test>
<test id="s1-s1-t6" name="Empty Username And Password">
<kw name="Go To Login Page" library="resource" type="SETUP">
<kw name="Go To" library="SeleniumLibrary">
<arg>${LOGIN URL}</arg>
<doc>Navigates the current browser window to the provided ``url``.</doc>
<msg timestamp="20210518 21:08:08.273" level="INFO">Opening url 'http://localhost:7272/'</msg>
<status status="PASS" starttime="20210518 21:08:08.272" endtime="20210518 21:08:08.292"/>
</kw>
<kw name="Login Page Should Be Open" library="resource">
<kw name="Title Should Be" library="SeleniumLibrary">
<arg>Login Page</arg>
<doc>Verifies that the current page title equals ``title``.</doc>
<msg timestamp="20210518 21:08:08.296" level="INFO">Page title is 'Login Page'.</msg>
<status status="PASS" starttime="20210518 21:08:08.293" endtime="20210518 21:08:08.296"/>
</kw>
<status status="PASS" starttime="20210518 21:08:08.292" endtime="20210518 21:08:08.296"/>
</kw>
<status status="PASS" starttime="20210518 21:08:08.272" endtime="20210518 21:08:08.296"/>
</kw>
<kw name="Login With Invalid Credentials Should Fail">
<arg>${EMPTY}</arg>
<arg>${EMPTY}</arg>
<kw name="Input Username" library="resource">
<arg>${username}</arg>
<kw name="Input Text" library="SeleniumLibrary">
<arg>username_field</arg>
<arg>${username}</arg>
<doc>Types the given ``text`` into the text field identified by ``locator``.</doc>
<msg timestamp="20210518 21:08:08.298" level="INFO">Typing text '' into text field 'username_field'.</msg>
<status status="PASS" starttime="20210518 21:08:08.298" endtime="20210518 21:08:08.367"/>
</kw>
<status status="PASS" starttime="20210518 21:08:08.298" endtime="20210518 21:08:08.367"/>
</kw>
<kw name="Input Password" library="resource">
<arg>${password}</arg>
<kw name="Input Text" library="SeleniumLibrary">
<arg>password_field</arg>
<arg>${password}</arg>
<doc>Types the given ``text`` into the text field identified by ``locator``.</doc>
<msg timestamp="20210518 21:08:08.368" level="INFO">Typing text '' into text field 'password_field'.</msg>
<status status="PASS" starttime="20210518 21:08:08.368" endtime="20210518 21:08:08.427"/>
</kw>
<status status="PASS" starttime="20210518 21:08:08.367" endtime="20210518 21:08:08.427"/>
</kw>
<kw name="Submit Credentials" library="resource">
<kw name="Click Button" library="SeleniumLibrary">
<arg>login_button</arg>
<doc>Clicks the button identified by ``locator``.</doc>
<msg timestamp="20210518 21:08:08.427" level="INFO">Clicking button 'login_button'.</msg>
<status status="PASS" starttime="20210518 21:08:08.427" endtime="20210518 21:08:08.479"/>
</kw>
<status status="PASS" starttime="20210518 21:08:08.427" endtime="20210518 21:08:08.479"/>
</kw>
<kw name="Login Should Have Failed">
<kw name="Location Should Be" library="SeleniumLibrary">
<arg>${ERROR URL}</arg>
<doc>Verifies that the current URL is exactly ``url``.</doc>
<msg timestamp="20210518 21:08:08.482" level="INFO">Current location is 'http://localhost:7272/error.html'.</msg>
<status status="PASS" starttime="20210518 21:08:08.479" endtime="20210518 21:08:08.482"/>
</kw>
<kw name="Title Should Be" library="SeleniumLibrary">
<arg>Error Page</arg>
<doc>Verifies that the current page title equals ``title``.</doc>
<msg timestamp="20210518 21:08:08.486" level="INFO">Page title is 'Error Page'.</msg>
<status status="PASS" starttime="20210518 21:08:08.482" endtime="20210518 21:08:08.486"/>
</kw>
<status status="PASS" starttime="20210518 21:08:08.479" endtime="20210518 21:08:08.486"/>
</kw>
<status status="PASS" starttime="20210518 21:08:08.297" endtime="20210518 21:08:08.486"/>
</kw>
<status status="PASS" starttime="20210518 21:08:08.272" endtime="20210518 21:08:08.486"/>
</test>
<kw name="Close Browser" library="SeleniumLibrary" type="TEARDOWN">
<doc>Closes the current browser.</doc>
<status status="PASS" starttime="20210518 21:08:08.487" endtime="20210518 21:08:08.882"/>
</kw>
<doc>A test suite containing tests related to invalid login.

These tests are data-driven by their nature. They use a single
keyword, specified with Test Template setting, that is called
with different arguments to cover different scenarios.

This suite also demonstrates using setups and teardowns in
different levels.</doc>
<status status="PASS" starttime="20210518 21:08:03.924" endtime="20210518 21:08:08.882"/>
</suite>
<suite id="s1-s2" name="Valid Login" source="/home/projects/Sh-qups/Robot_framework_project/TestCases/valid_login.robot">
<test id="s1-s2-t1" name="Valid Login">
<kw name="Open Browser To Login Page" library="resource">
<kw name="Open Browser" library="SeleniumLibrary">
<arg>${LOGIN URL}</arg>
<arg>${BROWSER}</arg>
<doc>Opens a new browser instance to the optional ``url``.</doc>
<msg timestamp="20210518 21:08:08.903" level="INFO">Opening browser 'Chrome' to base url 'http://localhost:7272/'.</msg>
<status status="PASS" starttime="20210518 21:08:08.902" endtime="20210518 21:08:10.998"/>
</kw>
<kw name="Maximize Browser Window" library="SeleniumLibrary">
<doc>Maximizes current browser window.</doc>
<status status="PASS" starttime="20210518 21:08:10.998" endtime="20210518 21:08:11.105"/>
</kw>
<kw name="Set Selenium Speed" library="SeleniumLibrary">
<arg>${DELAY}</arg>
<doc>Sets the delay that is waited after each Selenium command.</doc>
<status status="PASS" starttime="20210518 21:08:11.105" endtime="20210518 21:08:11.107"/>
</kw>
<kw name="Login Page Should Be Open" library="resource">
<kw name="Title Should Be" library="SeleniumLibrary">
<arg>Login Page</arg>
<doc>Verifies that the current page title equals ``title``.</doc>
<msg timestamp="20210518 21:08:11.125" level="INFO">Page title is 'Login Page'.</msg>
<status status="PASS" starttime="20210518 21:08:11.109" endtime="20210518 21:08:11.125"/>
</kw>
<status status="PASS" starttime="20210518 21:08:11.108" endtime="20210518 21:08:11.126"/>
</kw>
<status status="PASS" starttime="20210518 21:08:08.901" endtime="20210518 21:08:11.127"/>
</kw>
<kw name="Input Username" library="resource">
<arg>demo</arg>
<kw name="Input Text" library="SeleniumLibrary">
<arg>username_field</arg>
<arg>${username}</arg>
<doc>Types the given ``text`` into the text field identified by ``locator``.</doc>
<msg timestamp="20210518 21:08:11.130" level="INFO">Typing text 'demo' into text field 'username_field'.</msg>
<status status="PASS" starttime="20210518 21:08:11.128" endtime="20210518 21:08:11.233"/>
</kw>
<status status="PASS" starttime="20210518 21:08:11.127" endtime="20210518 21:08:11.234"/>
</kw>
<kw name="Input Password" library="resource">
<arg>mode</arg>
<kw name="Input Text" library="SeleniumLibrary">
<arg>password_field</arg>
<arg>${password}</arg>
<doc>Types the given ``text`` into the text field identified by ``locator``.</doc>
<msg timestamp="20210518 21:08:11.234" level="INFO">Typing text 'mode' into text field 'password_field'.</msg>
<status status="PASS" starttime="20210518 21:08:11.234" endtime="20210518 21:08:11.308"/>
</kw>
<status status="PASS" starttime="20210518 21:08:11.234" endtime="20210518 21:08:11.309"/>
</kw>
<kw name="Submit Credentials" library="resource">
<kw name="Click Button" library="SeleniumLibrary">
<arg>login_button</arg>
<doc>Clicks the button identified by ``locator``.</doc>
<msg timestamp="20210518 21:08:11.309" level="INFO">Clicking button 'login_button'.</msg>
<status status="PASS" starttime="20210518 21:08:11.309" endtime="20210518 21:08:11.378"/>
</kw>
<status status="PASS" starttime="20210518 21:08:11.309" endtime="20210518 21:08:11.378"/>
</kw>
<kw name="Welcome Page Should Be Open" library="resource">
<kw name="Location Should Be" library="SeleniumLibrary">
<arg>${WELCOME URL}</arg>
<doc>Verifies that the current URL is exactly ``url``.</doc>
<msg timestamp="20210518 21:08:11.381" level="INFO">Current location is 'http://localhost:7272/welcome.html'.</msg>
<status status="PASS" starttime="20210518 21:08:11.378" endtime="20210518 21:08:11.381"/>
</kw>
<kw name="Title Should Be" library="SeleniumLibrary">
<arg>Welcome Page</arg>
<doc>Verifies that the current page title equals ``title``.</doc>
<msg timestamp="20210518 21:08:11.385" level="INFO">Page title is 'Welcome Page'.</msg>
<status status="PASS" starttime="20210518 21:08:11.381" endtime="20210518 21:08:11.385"/>
</kw>
<status status="PASS" starttime="20210518 21:08:11.378" endtime="20210518 21:08:11.385"/>
</kw>
<kw name="Close Browser" library="SeleniumLibrary" type="TEARDOWN">
<doc>Closes the current browser.</doc>
<status status="PASS" starttime="20210518 21:08:11.385" endtime="20210518 21:08:11.444"/>
</kw>
<status status="PASS" starttime="20210518 21:08:08.900" endtime="20210518 21:08:11.444"/>
</test>
<doc>A test suite with a single test for valid login.

This test has a workflow that is created using keywords in
the imported resource file.</doc>
<status status="PASS" starttime="20210518 21:08:08.888" endtime="20210518 21:08:11.445"/>
</suite>
<status status="PASS" starttime="20210518 21:08:03.909" endtime="20210518 21:08:11.447"/>
</suite>
<statistics>
<total>
<stat pass="7" fail="0" skip="0">All Tests</stat>
</total>
<tag>
</tag>
<suite>
<stat pass="7" fail="0" skip="0" id="s1" name="TestCases">TestCases</stat>
<stat pass="6" fail="0" skip="0" id="s1-s1" name="Invalid Login">TestCases.Invalid Login</stat>
<stat pass="1" fail="0" skip="0" id="s1-s2" name="Valid Login">TestCases.Valid Login</stat>
</suite>
</statistics>
<errors>
</errors>
</robot>
