<?xml version="1.0" encoding="UTF-8"?>
<robot generator="Robot 4.0.2 (Python 3.8.5 on linux)" generated="20210518 22:42:13.103" rpa="false" schemaversion="2">
<suite id="s1" name="TestCases" source="/home/projects/Sh-qups/Robot_framework_project/TestCases">
<suite id="s1-s1" name="Alex Test" source="/home/projects/Sh-qups/Robot_framework_project/TestCases/alex_test.robot">
<test id="s1-s1-t1" name="Test Homepage">
<kw name="Open Browser To Home Page">
<kw name="Open Browser" library="SeleniumLibrary">
<arg>${HOMEPAGE URL}</arg>
<arg>${BROWSER}</arg>
<doc>Opens a new browser instance to the optional ``url``.</doc>
<msg timestamp="20210518 22:42:13.219" level="INFO">Opening browser 'Chrome' to base url 'https://alexsolutions.com.au/'.</msg>
<status status="PASS" starttime="20210518 22:42:13.219" endtime="20210518 22:42:18.222"/>
</kw>
<kw name="Maximize Browser Window" library="SeleniumLibrary">
<doc>Maximizes current browser window.</doc>
<status status="PASS" starttime="20210518 22:42:18.222" endtime="20210518 22:42:18.327"/>
</kw>
<status status="PASS" starttime="20210518 22:42:13.218" endtime="20210518 22:42:18.327"/>
</kw>
<kw name="Sleep" library="BuiltIn">
<arg>5s</arg>
<doc>Pauses the test executed for the given time.</doc>
<msg timestamp="20210518 22:42:23.328" level="INFO">Slept 5 seconds</msg>
<status status="PASS" starttime="20210518 22:42:18.328" endtime="20210518 22:42:23.329"/>
</kw>
<kw name="Goo To Product">
<kw name="Click Link" library="SeleniumLibrary">
<arg>${PRODUCT LINK}</arg>
<doc>Clicks a link identified by ``locator``.</doc>
<msg timestamp="20210518 22:42:23.333" level="INFO">Clicking link '//a[contains(text(),'Product')]'.</msg>
<status status="PASS" starttime="20210518 22:42:23.331" endtime="20210518 22:42:23.427"/>
</kw>
<status status="PASS" starttime="20210518 22:42:23.330" endtime="20210518 22:42:23.428"/>
</kw>
<kw name="Sleep" library="BuiltIn">
<arg>5s</arg>
<doc>Pauses the test executed for the given time.</doc>
<msg timestamp="20210518 22:42:28.428" level="INFO">Slept 5 seconds</msg>
<status status="PASS" starttime="20210518 22:42:23.428" endtime="20210518 22:42:28.429"/>
</kw>
<kw name="Goo To Augmented Data Link">
<kw name="Click Link" library="SeleniumLibrary">
<arg>${AUGMENTED LINK}</arg>
<doc>Clicks a link identified by ``locator``.</doc>
<msg timestamp="20210518 22:42:28.432" level="INFO">Clicking link '//a[@href="https://alexsolutions.com.au/product/augmented-data-catalog/"]'.</msg>
<status status="PASS" starttime="20210518 22:42:28.431" endtime="20210518 22:42:28.538"/>
</kw>
<status status="PASS" starttime="20210518 22:42:28.430" endtime="20210518 22:42:28.538"/>
</kw>
<kw name="Sleep" library="BuiltIn">
<arg>5s</arg>
<doc>Pauses the test executed for the given time.</doc>
<msg timestamp="20210518 22:42:33.539" level="INFO">Slept 5 seconds</msg>
<status status="PASS" starttime="20210518 22:42:28.538" endtime="20210518 22:42:33.539"/>
</kw>
<kw name="Take text">
<kw name="Log" library="BuiltIn">
<arg>get text</arg>
<arg>${AUGMENTED TEXT}</arg>
<doc>Logs the given message with the given level.</doc>
<msg timestamp="20210518 22:42:33.543" level="FAIL">Invalid log level '//h1[contains(text(),'Alex Augmented Data Catalog is powered by the indu')]'.</msg>
<status status="FAIL" starttime="20210518 22:42:33.541" endtime="20210518 22:42:33.543"/>
</kw>
<status status="FAIL" starttime="20210518 22:42:33.540" endtime="20210518 22:42:33.544"/>
</kw>
<kw name="Sleep" library="BuiltIn">
<arg>2s</arg>
<doc>Pauses the test executed for the given time.</doc>
<status status="NOT RUN" starttime="20210518 22:42:33.544" endtime="20210518 22:42:33.544"/>
</kw>
<kw name="Close Browser" library="SeleniumLibrary" type="TEARDOWN">
<doc>Closes the current browser.</doc>
<status status="PASS" starttime="20210518 22:42:33.544" endtime="20210518 22:42:33.711"/>
</kw>
<status status="FAIL" starttime="20210518 22:42:13.218" endtime="20210518 22:42:33.711">Invalid log level '//h1[contains(text(),'Alex Augmented Data Catalog is powered by the indu')]'.</status>
</test>
<doc>A test suite with Tests to test Alex Homepage

This test has a workflow that is created using keywords in
the imported resource file.</doc>
<status status="FAIL" starttime="20210518 22:42:13.120" endtime="20210518 22:42:33.713"/>
</suite>
<status status="FAIL" starttime="20210518 22:42:13.104" endtime="20210518 22:42:33.715"/>
</suite>
<statistics>
<total>
<stat pass="0" fail="1" skip="0">All Tests</stat>
</total>
<tag>
</tag>
<suite>
<stat pass="0" fail="1" skip="0" id="s1" name="TestCases">TestCases</stat>
<stat pass="0" fail="1" skip="0" id="s1-s1" name="Alex Test">TestCases.Alex Test</stat>
</suite>
</statistics>
<errors>
</errors>
</robot>
