<?xml version="1.0" encoding="UTF-8"?>
<robot generator="Robot 4.0.2 (Python 3.8.5 on linux)" generated="20210518 22:41:19.034" rpa="false" schemaversion="2">
<suite id="s1" name="TestCases" source="/home/projects/Sh-qups/Robot_framework_project/TestCases">
<suite id="s1-s1" name="Alex Test" source="/home/projects/Sh-qups/Robot_framework_project/TestCases/alex_test.robot">
<test id="s1-s1-t1" name="Test Homepage">
<kw name="Open Browser To Home Page">
<kw name="Open Browser" library="SeleniumLibrary">
<arg>${HOMEPAGE URL}</arg>
<arg>${BROWSER}</arg>
<doc>Opens a new browser instance to the optional ``url``.</doc>
<msg timestamp="20210518 22:41:19.151" level="INFO">Opening browser 'Chrome' to base url 'https://alexsolutions.com.au/'.</msg>
<status status="PASS" starttime="20210518 22:41:19.151" endtime="20210518 22:41:27.831"/>
</kw>
<kw name="Maximize Browser Window" library="SeleniumLibrary">
<doc>Maximizes current browser window.</doc>
<status status="PASS" starttime="20210518 22:41:27.832" endtime="20210518 22:41:27.944"/>
</kw>
<status status="PASS" starttime="20210518 22:41:19.151" endtime="20210518 22:41:27.944"/>
</kw>
<kw name="Sleep" library="BuiltIn">
<arg>5s</arg>
<doc>Pauses the test executed for the given time.</doc>
<msg timestamp="20210518 22:41:32.945" level="INFO">Slept 5 seconds</msg>
<status status="PASS" starttime="20210518 22:41:27.944" endtime="20210518 22:41:32.946"/>
</kw>
<kw name="Goo To Product">
<kw name="Click Link" library="SeleniumLibrary">
<arg>${PRODUCT LINK}</arg>
<doc>Clicks a link identified by ``locator``.</doc>
<msg timestamp="20210518 22:41:32.949" level="INFO">Clicking link '//a[contains(text(),'Product')]'.</msg>
<status status="PASS" starttime="20210518 22:41:32.947" endtime="20210518 22:41:33.044"/>
</kw>
<status status="PASS" starttime="20210518 22:41:32.946" endtime="20210518 22:41:33.044"/>
</kw>
<kw name="Sleep" library="BuiltIn">
<arg>5s</arg>
<doc>Pauses the test executed for the given time.</doc>
<msg timestamp="20210518 22:41:38.045" level="INFO">Slept 5 seconds</msg>
<status status="PASS" starttime="20210518 22:41:33.044" endtime="20210518 22:41:38.045"/>
</kw>
<kw name="Goo To Augmented Data Link">
<kw name="Click Link" library="SeleniumLibrary">
<arg>${AUGMENTED LINK}</arg>
<doc>Clicks a link identified by ``locator``.</doc>
<msg timestamp="20210518 22:41:38.048" level="INFO">Clicking link '//a[@href="https://alexsolutions.com.au/product/augmented-data-catalog/"]'.</msg>
<status status="PASS" starttime="20210518 22:41:38.047" endtime="20210518 22:41:38.128"/>
</kw>
<status status="PASS" starttime="20210518 22:41:38.046" endtime="20210518 22:41:38.128"/>
</kw>
<kw name="Sleep" library="BuiltIn">
<arg>5s</arg>
<doc>Pauses the test executed for the given time.</doc>
<msg timestamp="20210518 22:41:43.129" level="INFO">Slept 5 seconds</msg>
<status status="PASS" starttime="20210518 22:41:38.128" endtime="20210518 22:41:43.129"/>
</kw>
<kw name="Take text">
<kw name="${VALUE}= get text">
<arg>${AUGMENTED TEXT}</arg>
<msg timestamp="20210518 22:41:43.141" level="FAIL">No keyword with name '${VALUE}= get text' found.</msg>
<status status="FAIL" starttime="20210518 22:41:43.141" endtime="20210518 22:41:43.141"/>
</kw>
<kw name="Log" library="BuiltIn">
<arg>value is</arg>
<arg>${VALUE}</arg>
<doc>Logs the given message with the given level.</doc>
<status status="NOT RUN" starttime="20210518 22:41:43.142" endtime="20210518 22:41:43.142"/>
</kw>
<status status="FAIL" starttime="20210518 22:41:43.130" endtime="20210518 22:41:43.142"/>
</kw>
<kw name="Sleep" library="BuiltIn">
<arg>2s</arg>
<doc>Pauses the test executed for the given time.</doc>
<status status="NOT RUN" starttime="20210518 22:41:43.143" endtime="20210518 22:41:43.143"/>
</kw>
<kw name="Close Browser" library="SeleniumLibrary" type="TEARDOWN">
<doc>Closes the current browser.</doc>
<status status="PASS" starttime="20210518 22:41:43.144" endtime="20210518 22:41:43.206"/>
</kw>
<status status="FAIL" starttime="20210518 22:41:19.150" endtime="20210518 22:41:43.206">No keyword with name '${VALUE}= get text' found.</status>
</test>
<doc>A test suite with Tests to test Alex Homepage

This test has a workflow that is created using keywords in
the imported resource file.</doc>
<status status="FAIL" starttime="20210518 22:41:19.051" endtime="20210518 22:41:43.207"/>
</suite>
<status status="FAIL" starttime="20210518 22:41:19.035" endtime="20210518 22:41:43.208"/>
</suite>
<statistics>
<total>
<stat pass="0" fail="1" skip="0">All Tests</stat>
</total>
<tag>
</tag>
<suite>
<stat pass="0" fail="1" skip="0" id="s1" name="TestCases">TestCases</stat>
<stat pass="0" fail="1" skip="0" id="s1-s1" name="Alex Test">TestCases.Alex Test</stat>
</suite>
</statistics>
<errors>
</errors>
</robot>
